[debug] [2025-01-02T20:28:28.099Z] ----------------------------------------------------------------------
[debug] [2025-01-02T20:28:28.101Z] Command:       /Users/akbarkhawaja/.nvm/versions/node/v20.17.0/bin/node /Users/akbarkhawaja/.nvm/versions/node/v20.17.0/bin/firebase emulators:start
[debug] [2025-01-02T20:28:28.101Z] CLI Version:   13.23.0
[debug] [2025-01-02T20:28:28.101Z] Platform:      darwin
[debug] [2025-01-02T20:28:28.101Z] Node Version:  v20.17.0
[debug] [2025-01-02T20:28:28.101Z] Time:          Thu Jan 02 2025 12:28:28 GMT-0800 (Pacific Standard Time)
[debug] [2025-01-02T20:28:28.101Z] ----------------------------------------------------------------------
[debug] 
[debug] [2025-01-02T20:28:28.103Z] >>> [apiv2][query] GET https://firebase-public.firebaseio.com/cli.json [none]
[debug] [2025-01-02T20:28:28.165Z] > command requires scopes: ["email","openid","https://www.googleapis.com/auth/cloudplatformprojects.readonly","https://www.googleapis.com/auth/firebase","https://www.googleapis.com/auth/cloud-platform"]
[debug] [2025-01-02T20:28:28.165Z] > authorizing via signed-in user (akbarkhawaja321@gmail.com)
[info] i  emulators: Starting emulators: functions, extensions {"metadata":{"emulator":{"name":"hub"},"message":"Starting emulators: functions, extensions"}}
[debug] [2025-01-02T20:28:28.166Z] Checked if tokens are valid: false, expires at: 1734584927443
[debug] [2025-01-02T20:28:28.166Z] Checked if tokens are valid: false, expires at: 1734584927443
[debug] [2025-01-02T20:28:28.167Z] > refreshing access token with scopes: []
[debug] [2025-01-02T20:28:28.167Z] >>> [apiv2][query] POST https://www.googleapis.com/oauth2/v3/token [none]
[debug] [2025-01-02T20:28:28.167Z] >>> [apiv2][body] POST https://www.googleapis.com/oauth2/v3/token [omitted]
[debug] [2025-01-02T20:28:28.345Z] <<< [apiv2][status] POST https://www.googleapis.com/oauth2/v3/token 200
[debug] [2025-01-02T20:28:28.345Z] <<< [apiv2][body] POST https://www.googleapis.com/oauth2/v3/token [omitted]
[debug] [2025-01-02T20:28:28.359Z] >>> [apiv2][query] GET https://firebase.googleapis.com/v1beta1/projects/formatic-28666 [none]
[debug] [2025-01-02T20:28:28.383Z] <<< [apiv2][status] GET https://firebase-public.firebaseio.com/cli.json 200
[debug] [2025-01-02T20:28:28.383Z] <<< [apiv2][body] GET https://firebase-public.firebaseio.com/cli.json {"cloudBuildErrorAfter":1594252800000,"cloudBuildWarnAfter":1590019200000,"defaultNode10After":1594252800000,"minVersion":"3.0.5","node8DeploysDisabledAfter":1613390400000,"node8RuntimeDisabledAfter":1615809600000,"node8WarnAfter":1600128000000}
[debug] [2025-01-02T20:28:28.645Z] <<< [apiv2][status] GET https://firebase.googleapis.com/v1beta1/projects/formatic-28666 200
[debug] [2025-01-02T20:28:28.645Z] <<< [apiv2][body] GET https://firebase.googleapis.com/v1beta1/projects/formatic-28666 {"projectId":"formatic-28666","projectNumber":"578096624618","displayName":"FormMatic","name":"projects/formatic-28666","resources":{"hostingSite":"formatic-28666"},"state":"ACTIVE","etag":"1_fd24f34a-6d88-4699-ba43-9828be24361c"}
[debug] [2025-01-02T20:28:28.889Z] [logging] Logging Emulator only supports listening on one address (127.0.0.1). Not listening on ::1
[debug] [2025-01-02T20:28:28.890Z] assigned listening specs for emulators {"user":{"hub":[{"address":"127.0.0.1","family":"IPv4","port":4400},{"address":"::1","family":"IPv6","port":4400}],"ui":[{"address":"127.0.0.1","family":"IPv4","port":4000},{"address":"::1","family":"IPv6","port":4000}],"logging":[{"address":"127.0.0.1","family":"IPv4","port":4500}]},"metadata":{"message":"assigned listening specs for emulators"}}
[debug] [2025-01-02T20:28:28.893Z] [hub] writing locator at /var/folders/v9/lk5ydkp57035qld5c72dz1jw0000gn/T/hub-formatic-28666.json
[debug] [2025-01-02T20:28:28.895Z] [Extensions] Started Extensions emulator, this is a noop.
[debug] [2025-01-02T20:28:29.113Z] [functions] Functions Emulator only supports listening on one address (127.0.0.1). Not listening on ::1
[debug] [2025-01-02T20:28:29.113Z] [eventarc] Eventarc Emulator only supports listening on one address (127.0.0.1). Not listening on ::1
[debug] [2025-01-02T20:28:29.113Z] [tasks] Cloud Tasks Emulator only supports listening on one address (127.0.0.1). Not listening on ::1
[debug] [2025-01-02T20:28:29.113Z] late-assigned ports for functions and eventarc emulators {"user":{"hub":[{"address":"127.0.0.1","family":"IPv4","port":4400},{"address":"::1","family":"IPv6","port":4400}],"ui":[{"address":"127.0.0.1","family":"IPv4","port":4000},{"address":"::1","family":"IPv6","port":4000}],"logging":[{"address":"127.0.0.1","family":"IPv4","port":4500}],"functions":[{"address":"127.0.0.1","family":"IPv4","port":5001}],"eventarc":[{"address":"127.0.0.1","family":"IPv4","port":9299}],"tasks":[{"address":"127.0.0.1","family":"IPv4","port":9499}]},"metadata":{"message":"late-assigned ports for functions and eventarc emulators"}}
[warn] ⚠  functions: The following emulators are not running, calls to these services from the Functions emulator will affect production: auth, firestore, database, hosting, pubsub, storage, dataconnect {"metadata":{"emulator":{"name":"functions"},"message":"The following emulators are not running, calls to these services from the Functions emulator will affect production: \u001b[1mauth, firestore, database, hosting, pubsub, storage, dataconnect\u001b[22m"}}
[debug] [2025-01-02T20:28:29.115Z] defaultcredentials: writing to file /Users/akbarkhawaja/.config/firebase/akbarkhawaja321_gmail_com_application_default_credentials.json
[debug] [2025-01-02T20:28:29.117Z] Setting GAC to /Users/akbarkhawaja/.config/firebase/akbarkhawaja321_gmail_com_application_default_credentials.json {"metadata":{"emulator":{"name":"functions"},"message":"Setting GAC to /Users/akbarkhawaja/.config/firebase/akbarkhawaja321_gmail_com_application_default_credentials.json"}}
[debug] [2025-01-02T20:28:29.117Z] Checked if tokens are valid: true, expires at: 1735853307345
[debug] [2025-01-02T20:28:29.117Z] Checked if tokens are valid: true, expires at: 1735853307345
[debug] [2025-01-02T20:28:29.117Z] >>> [apiv2][query] GET https://firebase.googleapis.com/v1beta1/projects/formatic-28666/adminSdkConfig [none]
[debug] [2025-01-02T20:28:29.390Z] <<< [apiv2][status] GET https://firebase.googleapis.com/v1beta1/projects/formatic-28666/adminSdkConfig 200
[debug] [2025-01-02T20:28:29.390Z] <<< [apiv2][body] GET https://firebase.googleapis.com/v1beta1/projects/formatic-28666/adminSdkConfig {"projectId":"formatic-28666","storageBucket":"formatic-28666.firebasestorage.app"}
[debug] [2025-01-02T20:28:29.414Z] Ignoring unsupported arg: auto_download {"metadata":{"emulator":{"name":"ui"},"message":"Ignoring unsupported arg: auto_download"}}
[debug] [2025-01-02T20:28:29.415Z] Ignoring unsupported arg: port {"metadata":{"emulator":{"name":"ui"},"message":"Ignoring unsupported arg: port"}}
[debug] [2025-01-02T20:28:29.415Z] Starting Emulator UI with command {"binary":"node","args":["/Users/akbarkhawaja/.cache/firebase/emulators/ui-v1.14.0/server/server.mjs"],"optionalArgs":[],"joinArgs":false,"shell":false,"port":4000} {"metadata":{"emulator":{"name":"ui"},"message":"Starting Emulator UI with command {\"binary\":\"node\",\"args\":[\"/Users/akbarkhawaja/.cache/firebase/emulators/ui-v1.14.0/server/server.mjs\"],\"optionalArgs\":[],\"joinArgs\":false,\"shell\":false,\"port\":4000}"}}
[info] i  ui: Emulator UI logging to ui-debug.log {"metadata":{"emulator":{"name":"ui"},"message":"Emulator UI logging to \u001b[1mui-debug.log\u001b[22m"}}
[debug] [2025-01-02T20:28:29.487Z] Web / API server started at 127.0.0.1:4000
 {"metadata":{"emulator":{"name":"ui"},"message":"Web / API server started at 127.0.0.1:4000\n"}}
[debug] [2025-01-02T20:28:29.487Z] Web / API server started at ::1:4000
 {"metadata":{"emulator":{"name":"ui"},"message":"Web / API server started at ::1:4000\n"}}
[debug] [2025-01-02T20:28:29.619Z] [Extensions] Connecting Extensions emulator, this is a noop.
[info] i  functions: Watching "/Users/akbarkhawaja/Documents/Dev/PDF-Auto-Populator/functions" for Cloud Functions... {"metadata":{"emulator":{"name":"functions"},"message":"Watching \"/Users/akbarkhawaja/Documents/Dev/PDF-Auto-Populator/functions\" for Cloud Functions..."}}
[debug] [2025-01-02T20:28:29.624Z] Validating nodejs source
[warn] ⚠  functions: package.json indicates an outdated version of firebase-functions. Please upgrade using npm install --save firebase-functions@latest in your functions directory. 
[debug] [2025-01-02T20:28:30.105Z] > [functions] package.json contents: {
  "name": "functions",
  "scripts": {
    "lint": "eslint --ext .js,.ts .",
    "build": "tsc",
    "build:watch": "tsc --watch",
    "serve": "npm run build && firebase emulators:start --only functions",
    "shell": "npm run build && firebase functions:shell",
    "start": "npm run shell",
    "deploy": "firebase deploy --only functions",
    "logs": "firebase functions:log"
  },
  "engines": {
    "node": "18"
  },
  "main": "lib/index.js",
  "type": "module",
  "dependencies": {
    "firebase-admin": "^12.5.0",
    "firebase-functions": "^6.0.1"
  },
  "devDependencies": {
    "@typescript-eslint/eslint-plugin": "^5.12.0",
    "@typescript-eslint/parser": "^5.12.0",
    "eslint": "^8.9.0",
    "eslint-config-google": "^0.14.0",
    "eslint-plugin-import": "^2.25.4",
    "firebase-functions-test": "^3.1.0",
    "typescript": "^5.1.6"
  },
  "private": true
}
[debug] [2025-01-02T20:28:30.105Z] Building nodejs source
[debug] [2025-01-02T20:28:30.105Z] Failed to find version of module node: reached end of search path /Users/akbarkhawaja/Documents/Dev/PDF-Auto-Populator/functions/node_modules
[warn] ⚠  functions: Your requested "node" version "18" doesn't match your global version "20". Using node@20 from host. 
[debug] [2025-01-02T20:28:30.106Z] Could not find functions.yaml. Must use http discovery
[debug] [2025-01-02T20:28:30.109Z] Found firebase-functions binary at '/Users/akbarkhawaja/Documents/Dev/PDF-Auto-Populator/functions/node_modules/.bin/firebase-functions'
[info] Serving at port 8435

[debug] [2025-01-02T20:28:31.486Z] Got response from /__/functions.yaml {"endpoints":{"manageUserSessions":{"availableMemoryMb":null,"timeoutSeconds":null,"minInstances":null,"maxInstances":null,"ingressSettings":null,"concurrency":null,"serviceAccountEmail":null,"vpc":null,"platform":"gcfv2","labels":{},"callableTrigger":{},"entryPoint":"manageUserSessions"}},"specVersion":"v1alpha1","requiredAPIs":[],"extensions":{}}
[debug] [2025-01-02T20:28:36.511Z] defaultcredentials: writing to file /Users/akbarkhawaja/.config/firebase/akbarkhawaja321_gmail_com_application_default_credentials.json
[debug] [2025-01-02T20:28:36.513Z] Setting GAC to /Users/akbarkhawaja/.config/firebase/akbarkhawaja321_gmail_com_application_default_credentials.json {"metadata":{"emulator":{"name":"functions"},"message":"Setting GAC to /Users/akbarkhawaja/.config/firebase/akbarkhawaja321_gmail_com_application_default_credentials.json"}}
[info] ✔  functions: Loaded functions definitions from source: manageUserSessions. {"metadata":{"emulator":{"name":"functions"},"message":"Loaded functions definitions from source: manageUserSessions."}}
[info] ✔  functions[us-central1-manageUserSessions]: http function initialized (http://127.0.0.1:5001/formatic-28666/us-central1/manageUserSessions). {"metadata":{"emulator":{"name":"functions"},"message":"\u001b[1mhttp\u001b[22m function initialized (http://127.0.0.1:5001/formatic-28666/us-central1/manageUserSessions)."}}
[debug] [2025-01-02T20:28:36.523Z] Could not find VSCode notification endpoint: FetchError: request to http://localhost:40001/vscode/notify failed, reason: . If you are not running the Firebase Data Connect VSCode extension, this is expected and not an issue.
[info] 
┌─────────────────────────────────────────────────────────────┐
│ ✔  All emulators ready! It is now safe to connect your app. │
│ i  View Emulator UI at http://127.0.0.1:4000/               │
└─────────────────────────────────────────────────────────────┘

┌────────────┬────────────────┬──────────────────────────────────┐
│ Emulator   │ Host:Port      │ View in Emulator UI              │
├────────────┼────────────────┼──────────────────────────────────┤
│ Functions  │ 127.0.0.1:5001 │ http://127.0.0.1:4000/functions  │
├────────────┼────────────────┼──────────────────────────────────┤
│ Extensions │ 127.0.0.1:5001 │ http://127.0.0.1:4000/extensions │
└────────────┴────────────────┴──────────────────────────────────┘
  Emulator Hub running at 127.0.0.1:4400
  Other reserved ports: 4500
┌─────────────────────────┬───────────────┬─────────────────────┐
│ Extension Instance Name │ Extension Ref │ View in Emulator UI │
└─────────────────────────┴───────────────┴─────────────────────┘
Issues? Report them at https://github.com/firebase/firebase-tools/issues and attach the *-debug.log files.
 
